2022-06-27T11:24:09,166 [-] [Start Level: Equinox Container: 7a0c077b-00ad-4b25-9153-d41430f9dc16]  WARN Digester Match [Server/Service/Engine/Host/Valve] failed to set property [maxDays] to []
2022-06-27T11:24:27,655 [-] [Framework Event Dispatcher: Equinox Container: 7a0c077b-00ad-4b25-9153-d41430f9dc16]  WARN ApplicationManagementServiceComponent Templates directory not found at D:\wso2\wso2am-4.1.0\bin\..\repository\resources\identity\authntemplates
2022-06-27T11:25:27,022 [-] [Timer-6]  WARN AppDeployerServiceComponent Waiting for required OSGi services: org.wso2.carbon.application.deployer.synapse.service.SynapseAppDeployerService,org.wso2.carbon.mediation.initializer.services.SynapseEnvironmentService,
2022-06-27T11:25:27,037 [-] [Timer-7]  WARN StartupFinalizerServiceComponent Waiting for required OSGi services: org.wso2.carbon.application.deployer.service.CappDeploymentService,org.wso2.carbon.server.admin.common.IServerAdmin,org.wso2.carbon.throttling.agent.ThrottlingAgent,
2022-06-27T11:25:38,694 [-] [Framework Event Dispatcher: Equinox Container: 7a0c077b-00ad-4b25-9153-d41430f9dc16]  WARN SSLUtilBase The trusted certificate with alias [geotrustglobalca] and DN [CN=GeoTrust Global CA, O=GeoTrust Inc., C=US] is not valid due to [NotAfter: Sat May 21 11:00:00 ICT 2022]. Certificates signed by this trusted certificate WILL be accepted
2022-06-27T11:25:40,872 [-] [https-jsse-nio-9443-exec-11] ERROR GlobalThrowableMapper No API Artifacts
2022-06-27T11:25:47,687 [-] [Thread-54]  WARN JMSListener Polling tasks on destination : keyManager of type topic for listener Siddhi-JMS-Consumer#keyManager have not yet started after 3 seconds ..
2022-06-27T11:25:47,687 [-] [Thread-53]  WARN JMSListener Polling tasks on destination : notification of type topic for listener Siddhi-JMS-Consumer#notification have not yet started after 3 seconds ..
2022-06-27T11:25:47,954 [-] [Thread-83]  WARN JMSListener Polling tasks on destination : asyncWebhooksData of type topic for listener Siddhi-JMS-Consumer#asyncWebhooksData have not yet started after 3 seconds ..
2022-06-27T11:25:47,954 [-] [Thread-70]  WARN JMSListener Polling tasks on destination : throttleData of type topic for listener Siddhi-JMS-Consumer#throttleData have not yet started after 3 seconds ..
2022-06-27T11:25:47,954 [-] [Thread-81]  WARN JMSListener Polling tasks on destination : notification of type topic for listener Siddhi-JMS-Consumer#notification have not yet started after 3 seconds ..
2022-06-27T11:25:47,985 [-] [Thread-82]  WARN JMSListener Polling tasks on destination : throttleData of type topic for listener Siddhi-JMS-Consumer#throttleData have not yet started after 3 seconds ..
2022-06-27T11:25:48,016 [-] [Thread-73]  WARN JMSListener Polling tasks on destination : tokenRevocation of type topic for listener Siddhi-JMS-Consumer#tokenRevocation have not yet started after 3 seconds ..
2022-06-27T11:25:48,016 [-] [Thread-77]  WARN JMSListener Polling tasks on destination : cacheInvalidation of type topic for listener Siddhi-JMS-Consumer#cacheInvalidation have not yet started after 3 seconds ..
2022-06-27T11:34:20,848 [-] [PassThrough HTTPS-Listener I/O dispatcher Listener]  WARN PassThroughHttpMultiSSLListener System may be unstable: HTTPS ListeningIOReactor encountered a checked exception : Address already in use: bind
java.net.BindException: Address already in use: bind
	at sun.nio.ch.Net.bind0(Native Method) ~[?:1.8.0_111]
	at sun.nio.ch.Net.bind(Net.java:433) ~[?:1.8.0_111]
	at sun.nio.ch.Net.bind(Net.java:425) ~[?:1.8.0_111]
	at sun.nio.ch.ServerSocketChannelImpl.bind(ServerSocketChannelImpl.java:223) ~[?:1.8.0_111]
	at sun.nio.ch.ServerSocketAdaptor.bind(ServerSocketAdaptor.java:74) ~[?:1.8.0_111]
	at org.apache.http.impl.nio.reactor.DefaultListeningIOReactor.processSessionRequests(DefaultListeningIOReactor.java:243) ~[httpcore-nio_4.4.15.wso2v1.jar:?]
	at org.apache.http.impl.nio.reactor.DefaultListeningIOReactor.processEvents(DefaultListeningIOReactor.java:144) ~[httpcore-nio_4.4.15.wso2v1.jar:?]
	at org.apache.http.impl.nio.reactor.AbstractMultiworkerIOReactor.execute(AbstractMultiworkerIOReactor.java:351) ~[httpcore-nio_4.4.15.wso2v1.jar:?]
	at org.apache.synapse.transport.passthru.core.PassThroughListeningIOReactorManager$1.run(PassThroughListeningIOReactorManager.java:561) ~[synapse-nhttp-transport_2.1.7.wso2v271.jar:?]
	at java.lang.Thread.run(Thread.java:745) [?:1.8.0_111]
